0 info it worked if it ends with ok
1 verbose cli [ '/home/ubuntu/.nvm/versions/node/v4.4.3/bin/node',
1 verbose cli   '/home/ubuntu/.nvm/versions/node/v4.4.3/bin/npm',
1 verbose cli   '--color=always',
1 verbose cli   'view',
1 verbose cli   '@mrmatt1877/workspace' ]
2 info using npm@3.8.8
3 info using node@v4.4.3
4 silly mapToRegistry name @mrmatt1877/workspace
5 silly mapToRegistry scope (from package name) @mrmatt1877
6 verbose mapToRegistry no registry URL found in name for scope @mrmatt1877
7 silly mapToRegistry using default registry
8 silly mapToRegistry registry http://localhost:15443/
9 silly mapToRegistry data Result {
9 silly mapToRegistry   raw: '@mrmatt1877/workspace',
9 silly mapToRegistry   scope: '@mrmatt1877',
9 silly mapToRegistry   name: '@mrmatt1877/workspace',
9 silly mapToRegistry   rawSpec: '',
9 silly mapToRegistry   spec: 'latest',
9 silly mapToRegistry   type: 'tag' }
10 silly mapToRegistry uri http://localhost:15443/@mrmatt1877%2fworkspace
11 verbose request uri http://localhost:15443/@mrmatt1877%2fworkspace
12 verbose request no auth needed
13 info attempt registry request try #1 at 10:35:06 PM
14 verbose request id a9bffcd183cc869b
15 http request GET http://localhost:15443/@mrmatt1877%2fworkspace
16 http 404 http://localhost:15443/@mrmatt1877%2fworkspace
17 verbose headers { 'content-type': 'application/json',
17 verbose headers   date: 'Wed, 04 May 2016 22:35:06 GMT',
17 verbose headers   connection: 'keep-alive',
17 verbose headers   'content-length': '19' }
18 silly get cb [ 404,
18 silly get   { 'content-type': 'application/json',
18 silly get     date: 'Wed, 04 May 2016 22:35:06 GMT',
18 silly get     connection: 'keep-alive',
18 silly get     'content-length': '19' } ]
19 verbose stack Error: missing : @mrmatt1877/workspace
19 verbose stack     at makeError (/home/ubuntu/.nvm/versions/node/v4.4.3/lib/node_modules/npm/node_modules/npm-registry-client/lib/request.js:264:12)
19 verbose stack     at CachingRegistryClient.<anonymous> (/home/ubuntu/.nvm/versions/node/v4.4.3/lib/node_modules/npm/node_modules/npm-registry-client/lib/request.js:252:14)
19 verbose stack     at Request._callback (/home/ubuntu/.nvm/versions/node/v4.4.3/lib/node_modules/npm/node_modules/npm-registry-client/lib/request.js:172:14)
19 verbose stack     at Request.self.callback (/home/ubuntu/.nvm/versions/node/v4.4.3/lib/node_modules/npm/node_modules/request/request.js:200:22)
19 verbose stack     at emitTwo (events.js:87:13)
19 verbose stack     at Request.emit (events.js:172:7)
19 verbose stack     at Request.<anonymous> (/home/ubuntu/.nvm/versions/node/v4.4.3/lib/node_modules/npm/node_modules/request/request.js:1067:10)
19 verbose stack     at emitOne (events.js:82:20)
19 verbose stack     at Request.emit (events.js:169:7)
19 verbose stack     at IncomingMessage.<anonymous> (/home/ubuntu/.nvm/versions/node/v4.4.3/lib/node_modules/npm/node_modules/request/request.js:988:12)
20 verbose statusCode 404
21 verbose pkgid @mrmatt1877/workspace
22 verbose cwd /home/ubuntu/workspace
23 error Linux 4.2.0-c9
24 error argv "/home/ubuntu/.nvm/versions/node/v4.4.3/bin/node" "/home/ubuntu/.nvm/versions/node/v4.4.3/bin/npm" "--color=always" "view" "@mrmatt1877/workspace"
25 error node v4.4.3
26 error npm  v3.8.8
27 error code E404
28 error 404 missing : @mrmatt1877/workspace
29 error 404
30 error 404 '@mrmatt1877/workspace' is not in the npm registry.
31 error 404 You should bug the author to publish it (or use the name yourself!)
32 error 404 Note that you can also install from a
33 error 404 tarball, folder, http url, or git url.
34 verbose exit [ 1, true ]
